<?xml version="1.0" encoding="UTF-8"?>
<testsuite xmlns:xsi="http://www.w3.org/2001/XMLSchema-instance" xsi:noNamespaceSchemaLocation="https://maven.apache.org/surefire/maven-surefire-plugin/xsd/surefire-test-report-3.0.xsd" version="3.0" name="com.exercise.service.CountWordsSvcTest" time="0.103" tests="4" errors="0" skipped="0" failures="0">
  <properties>
[...]
</properties>
  <testcase name="displayCountOfWords_WhenAscendingFlagIsPassedAsFalse_ReturnMapInDescendingOrder" classname="com.exercise.service.CountWordsSvcTest" time="0.038">
    <system-out><![CDATA[london:  10
tokyo:  9
paris:  8
delhi:  5
]]></system-out>
  </testcase>
  <testcase name="countWordsUsingFilePath_WhenPassedFilePathIsWrong_ThrowIOException" classname="com.exercise.service.CountWordsSvcTest" time="0.006"/>
  <testcase name="displayCountOfWords_WhenAscendingFlagIsPassedAsTrue_ReturnMapInAscendingOrder" classname="com.exercise.service.CountWordsSvcTest" time="0.012">
    <system-out><![CDATA[delhi:  5
paris:  8
tokyo:  9
london:  10
]]></system-out>
  </testcase>
  <testcase name="countWordsUsingFilePath_WhenPassedFileHasMultipleLines_ReturnTheWordCount" classname="com.exercise.service.CountWordsSvcTest" time="0.019"/>
</testsuite>