<?xml version="1.0" encoding="UTF-8"?>
<testsuite xmlns:xsi="http://www.w3.org/2001/XMLSchema-instance" xsi:noNamespaceSchemaLocation="https://maven.apache.org/surefire/maven-surefire-plugin/xsd/surefire-test-report-3.0.xsd" version="3.0" name="com.exercise.util.WordCountUtilityTest" time="0.113" tests="8" errors="0" skipped="0" failures="0">
  <properties>
[...]
</properties>
  <testcase name="validateArguments_WhenTheFirstArgumentIsNotFilePath_ReturnEmptyArgumentsMap" classname="com.exercise.util.WordCountUtilityTest" time="0.05">
    <system-out><![CDATA[******* java -jar COMMAND HELP/GUIDE ********* 
 java -jar adp-1.0.jar -filepath <absolute path-name> -order <asc>
 
<path-name>: It should be full file path from where the words will be read and counted.
<asc> : The default ordering is descending, when this argument is passed, the result will be printed in ascending order. Allowed values are asc and dsc.Ignore the last two arguments if default ordering is preferred
NOTE: if there are any permission errors while running the adp jar, try navigating to folder where jar is located and then run the command. 
]]></system-out>
    <system-err><![CDATA[ERROR : FilePath not passed
]]></system-err>
  </testcase>
  <testcase name="validateArguments_WhenTooManyArgumentsArePassed_ReturnEmptyArgumentsMap" classname="com.exercise.util.WordCountUtilityTest" time="0.004">
    <system-out><![CDATA[******* java -jar COMMAND HELP/GUIDE ********* 
 java -jar adp-1.0.jar -filepath <absolute path-name> -order <asc>
 
<path-name>: It should be full file path from where the words will be read and counted.
<asc> : The default ordering is descending, when this argument is passed, the result will be printed in ascending order. Allowed values are asc and dsc.Ignore the last two arguments if default ordering is preferred
NOTE: if there are any permission errors while running the adp jar, try navigating to folder where jar is located and then run the command. 
]]></system-out>
    <system-err><![CDATA[ERROR: No argument or too many arguments passed
]]></system-err>
  </testcase>
  <testcase name="isAscendingOrder_WhenArgumentIsPassedAsDSC_ReturnFalse" classname="com.exercise.util.WordCountUtilityTest" time="0.005"/>
  <testcase name="validateFilePath_WhenPassedFileDoesNotExist_ThrowIOException" classname="com.exercise.util.WordCountUtilityTest" time="0.005"/>
  <testcase name="validateFilePath_WhenPassedFileTypeIsNotSupported_ThrowIOException" classname="com.exercise.util.WordCountUtilityTest" time="0.002"/>
  <testcase name="isAscendingOrder_WhenArgumentIsPassedAsASC_ReturnTrue" classname="com.exercise.util.WordCountUtilityTest" time="0.001"/>
  <testcase name="validateArguments_WhenNoArgumentIsPassed_ReturnEmptyArgumentsMap" classname="com.exercise.util.WordCountUtilityTest" time="0.001">
    <system-out><![CDATA[******* java -jar COMMAND HELP/GUIDE ********* 
 java -jar adp-1.0.jar -filepath <absolute path-name> -order <asc>
 
<path-name>: It should be full file path from where the words will be read and counted.
<asc> : The default ordering is descending, when this argument is passed, the result will be printed in ascending order. Allowed values are asc and dsc.Ignore the last two arguments if default ordering is preferred
NOTE: if there are any permission errors while running the adp jar, try navigating to folder where jar is located and then run the command. 
]]></system-out>
    <system-err><![CDATA[ERROR: No argument or too many arguments passed
]]></system-err>
  </testcase>
  <testcase name="validateArguments_WhenAllTheFOurArgumentsArePassed_ReturnArgumentsMap" classname="com.exercise.util.WordCountUtilityTest" time="0.006"/>
</testsuite>